<?xml version="1.0" encoding="UTF-8"?>
<!-- Generated by org.testng.reporters.JUnitXMLReporter -->
<testsuite ignored="0" hostname="DESKTOP-KC8P2PH" failures="0" tests="5" name="Default test" time="22.82" errors="0" timestamp="2022-09-19T11:56:48 IST">
  <testcase classname="com.TestCases.LoginPageTestcases" name="HeadChk" time="2.7"/>
  <testcase classname="com.TestCases.LoginPageTestcases" name="Wlcchk" time="0.087"/>
  <testcase classname="com.TestCases.LoginPageTestcases" name="txt3" time="0.099"/>
  <testcase classname="com.TestCases.LoginPageTestcases" name="ckhbox" time="0.166"/>
  <testcase classname="com.TestCases.LoginPageTestcases" name="login" time="6.856"/>
</testsuite> <!-- Default test -->
