<?xml version="1.0" encoding="UTF-8"?>
<!-- Generated by org.testng.reporters.JUnitXMLReporter -->
<testsuite ignored="6" hostname="DESKTOP-KC8P2PH" failures="1" tests="10" name="Test2" time="33.934" errors="0" timestamp="2022-09-19T18:35:24 IST">
  <testcase classname="com.TestCases.LoginPageTestcases" name="HeadChk" time="1.297"/>
  <testcase classname="com.TestCases.LoginPageTestcases" name="Wlcchk" time="0.048"/>
  <testcase classname="com.TestCases.LoginPageTestcases" name="txt3" time="0.064"/>
  <testcase classname="com.TestCases.LoginPageTestcases" name="ckhbox" time="0.093"/>
  <testcase classname="com.TestCases.LoginPageTestcases" name="login" time="2.881"/>
  <testcase classname="com.TestCases.DasbBoardTC1" name="ProfilenName" time="0.386"/>
  <testcase classname="com.TestCases.DasbBoardTC1" name="pagename" time="0.256"/>
  <testcase classname="com.TestCases.DasbBoardTC1" name="optionschk" time="11.5"/>
  <testcase classname="com.TestCases.ProductPageTetsCases" name="Seacrhproduct" time="2.999"/>
  <testcase classname="com.TestCases.LogoutPageClassTestCse" name="logout" time="0.062">
    <failure type="org.openqa.selenium.ElementClickInterceptedException" message="Element &amp;lt;a class=&amp;quot;nav-link&amp;quot; href=&amp;quot;/logout&amp;quot;&amp;gt; is not clickable at point (1246,28) because another element &amp;lt;div id=&amp;quot;ajaxBusy&amp;quot;&amp;gt; obscures it
Build info: version: &amp;apos;4.4.0&amp;apos;, revision: &amp;apos;e5c75ed026a&amp;apos;
System info: host: &amp;apos;DESKTOP-KC8P2PH&amp;apos;, ip: &amp;apos;192.168.1.5&amp;apos;, os.name: &amp;apos;Windows 10&amp;apos;, os.arch: &amp;apos;amd64&amp;apos;, os.version: &amp;apos;10.0&amp;apos;, java.version: &amp;apos;11.0.16.1&amp;apos;
Driver info: org.openqa.selenium.firefox.FirefoxDriver
Command: [0e3afaf6-ffdd-45de-9156-7c63c9395146, clickElement {id=1e733ad0-9506-492c-89f0-af96cd6da2c2}]
Capabilities {acceptInsecureCerts: true, browserName: firefox, browserVersion: 104.0.2, moz:accessibilityChecks: false, moz:buildID: 20220902153754, moz:debuggerAddress: localhost:63079, moz:geckodriverVersion: 0.31.0, moz:headless: false, moz:platformVersion: 10.0, moz:processID: 19896, moz:profile: C:\Users\Sai\AppData\Local\..., moz:shutdownTimeout: 60000, moz:useNonSpecCompliantPointerOrigin: false, moz:webdriverClick: true, moz:windowless: false, pageLoadStrategy: normal, platformName: WINDOWS, proxy: Proxy(), se:cdp: ws://localhost:63079/devtoo..., se:cdpVersion: 85.0, setWindowRect: true, strictFileInteractability: false, timeouts: {implicit: 0, pageLoad: 300000, script: 30000}, unhandledPromptBehavior: dismiss and notify}
Element: [[FirefoxDriver: firefox on WINDOWS (0e3afaf6-ffdd-45de-9156-7c63c9395146)] -&amp;gt; xpath: //a[text()=&amp;apos;Logout&amp;apos;]]
Session ID: 0e3afaf6-ffdd-45de-9156-7c63c9395146">
      <![CDATA[org.openqa.selenium.ElementClickInterceptedException: Element <a class="nav-link" href="/logout"> is not clickable at point (1246,28) because another element <div id="ajaxBusy"> obscures it
Build info: version: '4.4.0', revision: 'e5c75ed026a'
System info: host: 'DESKTOP-KC8P2PH', ip: '192.168.1.5', os.name: 'Windows 10', os.arch: 'amd64', os.version: '10.0', java.version: '11.0.16.1'
Driver info: org.openqa.selenium.firefox.FirefoxDriver
Command: [0e3afaf6-ffdd-45de-9156-7c63c9395146, clickElement {id=1e733ad0-9506-492c-89f0-af96cd6da2c2}]
Capabilities {acceptInsecureCerts: true, browserName: firefox, browserVersion: 104.0.2, moz:accessibilityChecks: false, moz:buildID: 20220902153754, moz:debuggerAddress: localhost:63079, moz:geckodriverVersion: 0.31.0, moz:headless: false, moz:platformVersion: 10.0, moz:processID: 19896, moz:profile: C:\Users\Sai\AppData\Local\..., moz:shutdownTimeout: 60000, moz:useNonSpecCompliantPointerOrigin: false, moz:webdriverClick: true, moz:windowless: false, pageLoadStrategy: normal, platformName: WINDOWS, proxy: Proxy(), se:cdp: ws://localhost:63079/devtoo..., se:cdpVersion: 85.0, setWindowRect: true, strictFileInteractability: false, timeouts: {implicit: 0, pageLoad: 300000, script: 30000}, unhandledPromptBehavior: dismiss and notify}
Element: [[FirefoxDriver: firefox on WINDOWS (0e3afaf6-ffdd-45de-9156-7c63c9395146)] -> xpath: //a[text()='Logout']]
Session ID: 0e3afaf6-ffdd-45de-9156-7c63c9395146
at org.openqa.selenium.remote.codec.w3c.W3CHttpResponseCodec.createException(W3CHttpResponseCodec.java:200)
at org.openqa.selenium.remote.codec.w3c.W3CHttpResponseCodec.decode(W3CHttpResponseCodec.java:133)
at org.openqa.selenium.remote.codec.w3c.W3CHttpResponseCodec.decode(W3CHttpResponseCodec.java:53)
at org.openqa.selenium.remote.HttpCommandExecutor.execute(HttpCommandExecutor.java:184)
at org.openqa.selenium.remote.service.DriverCommandExecutor.invokeExecute(DriverCommandExecutor.java:167)
at org.openqa.selenium.remote.service.DriverCommandExecutor.execute(DriverCommandExecutor.java:142)
at org.openqa.selenium.remote.RemoteWebDriver.execute(RemoteWebDriver.java:547)
at org.openqa.selenium.remote.RemoteWebElement.execute(RemoteWebElement.java:257)
at org.openqa.selenium.remote.RemoteWebElement.click(RemoteWebElement.java:78)
at org.openqa.selenium.support.pagefactory.internal.LocatingElementHandler.invoke(LocatingElementHandler.java:52)
at com.sun.proxy.$Proxy20.click(Unknown Source)
at com.ObjRepo.LogoutPageClasss.Logoutclk(LogoutPageClasss.java:19)
at com.TestCases.LogoutPageClassTestCse.logout(LogoutPageClassTestCse.java:14)
at java.base/java.util.ArrayList.forEach(ArrayList.java:1541)
... Removed 34 stack frames]]>
    </failure>
  </testcase> <!-- logout -->
  <testcase classname="com.BaseClass.EcomBase" name="@AfterTest browserClaose" time="0.0">
    <ignored/>
  </testcase> <!-- @AfterTest browserClaose -->
  <testcase classname="com.BaseClass.EcomBase" name="@BeforeTest browserstart" time="0.0">
    <ignored/>
  </testcase> <!-- @BeforeTest browserstart -->
  <testcase classname="com.BaseClass.EcomBase" name="@BeforeTest browserstart" time="0.0">
    <ignored/>
  </testcase> <!-- @BeforeTest browserstart -->
  <testcase classname="com.BaseClass.EcomBase" name="@BeforeTest browserstart" time="0.0">
    <ignored/>
  </testcase> <!-- @BeforeTest browserstart -->
  <testcase classname="com.BaseClass.EcomBase" name="@AfterTest browserClaose" time="0.0">
    <ignored/>
  </testcase> <!-- @AfterTest browserClaose -->
  <testcase classname="com.BaseClass.EcomBase" name="@AfterTest browserClaose" time="0.0">
    <ignored/>
  </testcase> <!-- @AfterTest browserClaose -->
</testsuite> <!-- Test2 -->
