<?xml version="1.0" encoding="UTF-8"?>
<!-- Generated by org.testng.reporters.JUnitXMLReporter -->
<testsuite ignored="0" hostname="DESKTOP-KC8P2PH" failures="1" tests="10" name="Test" time="43.768" errors="0" timestamp="2022-09-19T15:24:04 IST">
  <testcase classname="com.TestCases.LoginPageTestcases" name="HeadChk" time="2.627">
    <failure type="java.lang.AssertionError" message="The following asserts failed:
	expected [Adminarea demo] but found [Admin area demo]">
      <![CDATA[java.lang.AssertionError: The following asserts failed:
expected [Adminarea demo] but found [Admin area demo]
at com.TestCases.LoginPageTestcases.HeadChk(LoginPageTestcases.java:28)
at java.base/java.util.ArrayList.forEach(ArrayList.java:1541)
... Removed 29 stack frames]]>
    </failure>
  </testcase> <!-- HeadChk -->
  <testcase classname="com.TestCases.LoginPageTestcases" name="Wlcchk" time="0.146"/>
  <testcase classname="com.TestCases.LoginPageTestcases" name="txt3" time="0.121"/>
  <testcase classname="com.TestCases.LoginPageTestcases" name="ckhbox" time="0.18"/>
  <testcase classname="com.TestCases.LoginPageTestcases" name="login" time="5.365"/>
  <testcase classname="com.TestCases.LoginPageTestcases" name="ProfilenName" time="0.105"/>
  <testcase classname="com.TestCases.LoginPageTestcases" name="pagename" time="0.074"/>
  <testcase classname="com.TestCases.LoginPageTestcases" name="optionschk" time="9.913"/>
  <testcase classname="com.TestCases.LoginPageTestcases" name="Seacrhproduct" time="9.249"/>
  <testcase classname="com.TestCases.LoginPageTestcases" name="logout" time="2.843"/>
</testsuite> <!-- Test -->
