<?xml version="1.0" encoding="UTF-8"?>
<!-- Generated by org.testng.reporters.JUnitXMLReporter -->
<testsuite ignored="6" hostname="DESKTOP-KC8P2PH" failures="0" tests="10" name="Test" time="40.663" errors="0" timestamp="2022-09-20T17:14:21 IST">
  <testcase classname="com.TestCases.LoginPageTestcases" name="HeadChk" time="2.345"/>
  <testcase classname="com.TestCases.LoginPageTestcases" name="Wlcchk" time="0.074"/>
  <testcase classname="com.TestCases.LoginPageTestcases" name="txt3" time="0.072"/>
  <testcase classname="com.TestCases.LoginPageTestcases" name="ckhbox" time="0.098"/>
  <testcase classname="com.TestCases.LoginPageTestcases" name="login" time="7.001"/>
  <testcase classname="com.TestCases.DasbBoardTC1" name="ProfilenName" time="0.172"/>
  <testcase classname="com.TestCases.DasbBoardTC1" name="pagename" time="0.095"/>
  <testcase classname="com.TestCases.DasbBoardTC1" name="optionschk" time="10.048"/>
  <testcase classname="com.TestCases.ProductPageTetsCases" name="Seacrhproduct" time="5.275"/>
  <testcase classname="com.TestCases.LogoutPageClassTestCse" name="logout" time="2.121"/>
  <testcase classname="com.BaseClass.EcomBase" name="@AfterTest browserClaose" time="0.0">
    <ignored/>
  </testcase> <!-- @AfterTest browserClaose -->
  <testcase classname="com.BaseClass.EcomBase" name="@AfterTest browserClaose" time="0.0">
    <ignored/>
  </testcase> <!-- @AfterTest browserClaose -->
  <testcase classname="com.BaseClass.EcomBase" name="@BeforeTest browserstart" time="0.0">
    <ignored/>
  </testcase> <!-- @BeforeTest browserstart -->
  <testcase classname="com.BaseClass.EcomBase" name="@BeforeTest browserstart" time="0.0">
    <ignored/>
  </testcase> <!-- @BeforeTest browserstart -->
  <testcase classname="com.BaseClass.EcomBase" name="@AfterTest browserClaose" time="0.0">
    <ignored/>
  </testcase> <!-- @AfterTest browserClaose -->
  <testcase classname="com.BaseClass.EcomBase" name="@BeforeTest browserstart" time="0.0">
    <ignored/>
  </testcase> <!-- @BeforeTest browserstart -->
</testsuite> <!-- Test -->
